<?xml version="1.0" encoding="UTF-8"?>
<!-- Generated by org.testng.reporters.JUnitReportReporter -->
<testsuite hostname="YADHU" failures="2" tests="7" name="testRunner.MyRunnerTest" time="180.733" errors="0" timestamp="2025-09-26T13:46:09 CEST" skipped="0">
  <testcase classname="testRunner.MyRunnerTest" name="runScenario" time="35.774"/>
  <testcase classname="testRunner.MyRunnerTest" name="runScenario" time="14.101"/>
  <testcase classname="testRunner.MyRunnerTest" name="runScenario" time="13.280"/>
  <testcase classname="testRunner.MyRunnerTest" name="runScenario" time="24.863">
    <failure message="expected [no data] but found [cucumber]" type="java.lang.AssertionError">
      <![CDATA[java.lang.AssertionError: expected [no data] but found [cucumber]
at org.testng.Assert.fail(Assert.java:111)
at org.testng.Assert.failNotEquals(Assert.java:1590)
at org.testng.Assert.assertEqualsImpl(Assert.java:150)
at org.testng.Assert.assertEquals(Assert.java:132)
at org.testng.Assert.assertEquals(Assert.java:656)
at org.testng.Assert.assertEquals(Assert.java:666)
at stepDefinitions.TopDeals.check_if_element_exist(TopDeals.java:38)
at ✽.Check if element exist(file:///C:/Users/yadhu/eclipse-workspace/MyTest/GreenKart/src/test/resources/FeatureFiles/checkTopDeals.feature:8)
]]>
    </failure>
  </testcase> <!-- runScenario -->
  <testcase classname="testRunner.MyRunnerTest" name="runScenario" time="33.446"/>
  <testcase classname="testRunner.MyRunnerTest" name="runScenario" time="30.121">
    <failure message="expected [no data] but found [mushroom]" type="java.lang.AssertionError">
      <![CDATA[java.lang.AssertionError: expected [no data] but found [mushroom]
at org.testng.Assert.fail(Assert.java:111)
at org.testng.Assert.failNotEquals(Assert.java:1590)
at org.testng.Assert.assertEqualsImpl(Assert.java:150)
at org.testng.Assert.assertEquals(Assert.java:132)
at org.testng.Assert.assertEquals(Assert.java:656)
at org.testng.Assert.assertEquals(Assert.java:666)
at stepDefinitions.TopDeals.check_if_element_exist(TopDeals.java:38)
at ✽.Check if element exist(file:///C:/Users/yadhu/eclipse-workspace/MyTest/GreenKart/src/test/resources/FeatureFiles/checkTopDeals.feature:8)
]]>
    </failure>
  </testcase> <!-- runScenario -->
  <testcase classname="testRunner.MyRunnerTest" name="runScenario" time="29.148"/>
</testsuite> <!-- testRunner.MyRunnerTest -->
