<?xml version="1.0" encoding="UTF-8"?>
<!-- Generated by org.testng.reporters.JUnitReportReporter -->
<testsuite hostname="YADHU" failures="0" tests="1" name="testRunner.MyTestRunner" time="16.253" errors="0" timestamp="2025-07-20T15:24:39 CEST" skipped="0">
  <testcase classname="testRunner.MyTestRunner" name="runScenario" time="16.253"/>
</testsuite> <!-- testRunner.MyTestRunner -->
