<?xml version="1.0" encoding="UTF-8"?>
<!-- Generated by org.testng.reporters.JUnitReportReporter -->
<testsuite hostname="YADHU" failures="0" tests="1" name="testRunner.MyRunnerTest" time="8.710" errors="0" timestamp="2025-08-07T13:22:45 CEST" skipped="0">
  <testcase classname="testRunner.MyRunnerTest" name="runScenario" time="8.710"/>
</testsuite> <!-- testRunner.MyRunnerTest -->
